<?xml version="1.0" encoding="UTF-8"?>
<!-- Generated by org.testng.reporters.JUnitXMLReporter -->
<testsuite hostname="LAPTOP-DKIBSMU3" failures="0" tests="9" name="Surefire test" time="0.181" errors="0" timestamp="30 Mar 2021 16:13:27 GMT">
  <testcase classname="BasicCalculatorTest" name="divide on divide(BasicCalculatorTest)" time="0.021"/>
  <testcase classname="BasicCalculatorTest" name="add on add(BasicCalculatorTest)" time="0.001"/>
  <testcase classname="BasicCalculatorTest" name="substract on substract(BasicCalculatorTest)" time="0.0"/>
  <testcase classname="BasicCalculatorTest" name="multiply on multiply(BasicCalculatorTest)" time="0.001"/>
  <testcase classname="AdvancedCalculatorTest" name="square on square(AdvancedCalculatorTest)" time="0.001"/>
  <testcase classname="AdvancedCalculatorTest" name="root on root(AdvancedCalculatorTest)" time="0.0"/>
  <testcase classname="AdvancedCalculatorTest" name="power on power(AdvancedCalculatorTest)" time="0.0"/>
  <testcase classname="AdvancedCalculatorTest" name="absolute on absolute(AdvancedCalculatorTest)" time="0.0"/>
  <testcase classname="AdvancedCalculatorTest" name="squareRoot on squareRoot(AdvancedCalculatorTest)" time="0.0"/>
</testsuite> <!-- Surefire test -->
