<?xml version="1.0" encoding="UTF-8"?>
<testsuite name="TestSuite" time="0.006" tests="9" errors="0" skipped="0" failures="0">
  <properties>
[...]
</properties>
  <testcase name="divide on divide(BasicCalculatorTest)" classname="BasicCalculatorTest" time="0.003"/>
  <testcase name="add on add(BasicCalculatorTest)" classname="BasicCalculatorTest" time="0"/>
  <testcase name="substract on substract(BasicCalculatorTest)" classname="BasicCalculatorTest" time="0"/>
  <testcase name="multiply on multiply(BasicCalculatorTest)" classname="BasicCalculatorTest" time="0"/>
  <testcase name="square on square(AdvancedCalculatorTest)" classname="AdvancedCalculatorTest" time="0.002"/>
  <testcase name="root on root(AdvancedCalculatorTest)" classname="AdvancedCalculatorTest" time="0"/>
  <testcase name="power on power(AdvancedCalculatorTest)" classname="AdvancedCalculatorTest" time="0.001"/>
  <testcase name="absolute on absolute(AdvancedCalculatorTest)" classname="AdvancedCalculatorTest" time="0"/>
  <testcase name="squareRoot on squareRoot(AdvancedCalculatorTest)" classname="AdvancedCalculatorTest" time="0"/>
</testsuite>